node.exe : FAIL src/hooks/useWorkspaceData.test.js
At line:1 char:1
+ & "C:\Program Files\nodejs/node.exe" "C:\Program Files\nodejs/node_mo ...
+ ~~~~~~~~~~~~~~~~~~~~~~~~~~~~~~~~~~~~~~~~~~~~~~~~~~~~~~~~~~~~~~~~~~~~~
    + CategoryInfo          : NotSpecified: (FAIL src/hooks/useWorkspaceData.test.js:String) [], RemoteException
    + FullyQualifiedErrorId : NativeCommandError
 
  useWorkspaceData hook
    ├Ś should initialize with default states (28 ms)
    ├Ś applies remote workspace state correctly and triggers provided setters including setVocabulary (3 ms)

  ÔŚĆ useWorkspaceData hook ÔÇ║ should initialize with default states

    TypeError: Cannot read properties of undefined (reading 'mode')

    [0m [90m 111 |[39m   [90m// Bootstrap Effect[39m
     [90m 112 |[39m   useEffect(() [33m=>[39m {
    [31m[1m>[22m[39m[90m 113 |[39m     [36mif[39m (stateService[33m.[39mmode [33m!==[39m [32m"remote"[39m) {
     [90m     |[39m                      [31m[1m^[22m[39m
     [90m 114 |[39m       hydratedWorkspaceIdRef[33m.[39mcurrent [33m=[39m currentWorkspaceId [33m||[39m [32m""[39m[33m;[39m
     [90m 115 |[39m       setIsHydratingRemoteState([36mfalse[39m)[33m;[39m
     [90m 116 |[39m       [36mreturn[39m undefined[33m;[39m[0m

      at src/hooks/useWorkspaceData.js:113:22
      at Object.react_stack_bottom_frame (node_modules/react-dom/cjs/react-dom-client.development.js:25989:20)
      at runWithFiberInDEV (node_modules/react-dom/cjs/react-dom-client.development.js:874:13)
      at commitHookEffectListMount (node_modules/react-dom/cjs/react-dom-client.development.js:13249:29)
      at commitHookPassiveMountEffects (node_modules/react-dom/cjs/react-dom-client.development.js:13336:11)
      at commitPassiveMountOnFiber (node_modules/react-dom/cjs/react-dom-client.development.js:15484:13)
      at recursivelyTraversePassiveMountEffects (node_modules/react-dom/cjs/react-dom-client.development.js:15439:11)
      at commitPassiveMountOnFiber (node_modules/react-dom/cjs/react-dom-client.development.js:15519:11)
      at flushPassiveEffects (node_modules/react-dom/cjs/react-dom-client.development.js:18432:9)
      at node_modules/react-dom/cjs/react-dom-client.development.js:17923:15
      at flushActQueue (node_modules/react/cjs/react.development.js:590:34)
      at Object.<anonymous>.process.env.NODE_ENV.exports.act (node_modules/react/cjs/react.development.js:884:10)
      at node_modules/@testing-library/react/dist/act-compat.js:46:25
      at renderRoot (node_modules/@testing-library/react/dist/pure.js:189:26)
      at render (node_modules/@testing-library/react/dist/pure.js:291:10)
      at renderHook (node_modules/@testing-library/react/dist/pure.js:339:7)
      at Object.<anonymous> (src/hooks/useWorkspaceData.test.js:42:34)
      at TestScheduler.scheduleTests (node_modules/@jest/core/build/TestScheduler.js:333:13)
      at runJest (node_modules/@jest/core/build/runJest.js:404:19)
      at _run10000 (node_modules/@jest/core/build/cli/index.js:320:7)
      at runCLI (node_modules/@jest/core/build/cli/index.js:173:3)

  ÔŚĆ useWorkspaceData hook ÔÇ║ applies remote workspace state correctly and triggers provided setters including setVocabulary

    TypeError: Cannot read properties of undefined (reading 'mode')

    [0m [90m 111 |[39m   [90m// Bootstrap Effect[39m
     [90m 112 |[39m   useEffect(() [33m=>[39m {
    [31m[1m>[22m[39m[90m 113 |[39m     [36mif[39m (stateService[33m.[39mmode [33m!==[39m [32m"remote"[39m) {
     [90m     |[39m                      [31m[1m^[22m[39m
     [90m 114 |[39m       hydratedWorkspaceIdRef[33m.[39mcurrent [33m=[39m currentWorkspaceId [33m||[39m [32m""[39m[33m;[39m
     [90m 115 |[39m       setIsHydratingRemoteState([36mfalse[39m)[33m;[39m
     [90m 116 |[39m       [36mreturn[39m undefined[33m;[39m[0m

      at src/hooks/useWorkspaceData.js:113:22
      at Object.react_stack_bottom_frame (node_modules/react-dom/cjs/react-dom-client.development.js:25989:20)
      at runWithFiberInDEV (node_modules/react-dom/cjs/react-dom-client.development.js:874:13)
      at commitHookEffectListMount (node_modules/react-dom/cjs/react-dom-client.development.js:13249:29)
      at commitHookPassiveMountEffects (node_modules/react-dom/cjs/react-dom-client.development.js:13336:11)
      at commitPassiveMountOnFiber (node_modules/react-dom/cjs/react-dom-client.development.js:15484:13)
      at recursivelyTraversePassiveMountEffects (node_modules/react-dom/cjs/react-dom-client.development.js:15439:11)
      at commitPassiveMountOnFiber (node_modules/react-dom/cjs/react-dom-client.development.js:15519:11)
      at flushPassiveEffects (node_modules/react-dom/cjs/react-dom-client.development.js:18432:9)
      at node_modules/react-dom/cjs/react-dom-client.development.js:17923:15
      at flushActQueue (node_modules/react/cjs/react.development.js:590:34)
      at Object.<anonymous>.process.env.NODE_ENV.exports.act (node_modules/react/cjs/react.development.js:884:10)
      at node_modules/@testing-library/react/dist/act-compat.js:46:25
      at renderRoot (node_modules/@testing-library/react/dist/pure.js:189:26)
      at render (node_modules/@testing-library/react/dist/pure.js:291:10)
      at renderHook (node_modules/@testing-library/react/dist/pure.js:339:7)
      at Object.<anonymous> (src/hooks/useWorkspaceData.test.js:50:34)
      at TestScheduler.scheduleTests (node_modules/@jest/core/build/TestScheduler.js:333:13)
      at runJest (node_modules/@jest/core/build/runJest.js:404:19)
      at _run10000 (node_modules/@jest/core/build/cli/index.js:320:7)
      at runCLI (node_modules/@jest/core/build/cli/index.js:173:3)

Test Suites: 1 failed, 1 total
Tests:       2 failed, 2 total
Snapshots:   0 total
Time:        1.321 s, estimated 2 s
Ran all test suites matching /src\\hooks\\useWorkspaceData.test.js/i.
