node.exe : FAIL src/hooks/useWorkspaceData.test.js
At line:1 char:1
+ & "C:\Program Files\nodejs/node.exe" "C:\Program Files\nodejs/node_mo ...
+ ~~~~~~~~~~~~~~~~~~~~~~~~~~~~~~~~~~~~~~~~~~~~~~~~~~~~~~~~~~~~~~~~~~~~~
    + CategoryInfo          : NotSpecified: (FAIL src/hooks/useWorkspaceData.test.js:String) [], RemoteException
    + FullyQualifiedErrorId : NativeCommandError
 
  useWorkspaceData hook
    ├Ś should initialize with default states (41 ms)
    ├Ś applies remote workspace state correctly and triggers provided setters including setVocabulary (9 ms)

  ÔŚĆ useWorkspaceData hook ÔÇ║ should initialize with default states

    TypeError: undefined is not iterable (cannot read property Symbol(Symbol.iterator))

    [0m [90m 19 |[39m   currentWorkspaceId[33m,[39m
     [90m 20 |[39m }) {
    [31m[1m>[22m[39m[90m 21 |[39m   [36mconst[39m [meetings[33m,[39m setMeetings] [33m=[39m useStoredState([33mSTORAGE_KEYS[39m[
33m.[39mmeetings[33m,[39m [])[33m;[39m
     [90m    |[39m                                   [31m[1m^[22m[39m
     [90m 22 |[39m   [36mconst[39m [manualTasks[33m,[39m setManualTasks] [33m=[39m useStoredState([33mSTORAGE_KEYS[39m[33m.[39mmanu
alTasks[33m,[39m [])[33m;[39m
     [90m 23 |[39m   [36mconst[39m [taskState[33m,[39m setTaskState] [33m=[39m useStoredState([33mSTORAGE_KEYS[39m[33m.[39mtaskStat
e[33m,[39m {})[33m;[39m
     [90m 24 |[39m   [36mconst[39m [taskBoards[33m,[39m setTaskBoards] [33m=[39m useStoredState([33mSTORAGE_KEYS[39m[33m.[39mtaskBo
ards[33m,[39m {})[33m;[39m[0m

      at useWorkspaceData (src/hooks/useWorkspaceData.js:21:35)
      at src/hooks/useWorkspaceData.test.js:43:57
      at TestComponent (node_modules/@testing-library/react/dist/pure.js:330:27)
      at Object.react_stack_bottom_frame (node_modules/react-dom/cjs/react-dom-client.development.js:25904:20)
      at renderWithHooks (node_modules/react-dom/cjs/react-dom-client.development.js:7662:22)
      at updateFunctionComponent (node_modules/react-dom/cjs/react-dom-client.development.js:10166:19)
      at beginWork (node_modules/react-dom/cjs/react-dom-client.development.js:11778:18)
      at runWithFiberInDEV (node_modules/react-dom/cjs/react-dom-client.development.js:874:13)
      at performUnitOfWork (node_modules/react-dom/cjs/react-dom-client.development.js:17641:22)
      at workLoopSync (node_modules/react-dom/cjs/react-dom-client.development.js:17469:41)
      at renderRootSync (node_modules/react-dom/cjs/react-dom-client.development.js:17450:11)
      at performWorkOnRoot (node_modules/react-dom/cjs/react-dom-client.development.js:16583:35)
      at performWorkOnRootViaSchedulerTask (node_modules/react-dom/cjs/react-dom-client.development.js:18957:7)
      at flushActQueue (node_modules/react/cjs/react.development.js:590:34)
      at Object.<anonymous>.process.env.NODE_ENV.exports.act (node_modules/react/cjs/react.development.js:884:10)
      at node_modules/@testing-library/react/dist/act-compat.js:46:25
      at renderRoot (node_modules/@testing-library/react/dist/pure.js:189:26)
      at render (node_modules/@testing-library/react/dist/pure.js:291:10)
      at renderHook (node_modules/@testing-library/react/dist/pure.js:339:7)
      at Object.<anonymous> (src/hooks/useWorkspaceData.test.js:43:34)
      at TestScheduler.scheduleTests (node_modules/@jest/core/build/TestScheduler.js:333:13)
      at runJest (node_modules/@jest/core/build/runJest.js:404:19)
      at _run10000 (node_modules/@jest/core/build/cli/index.js:320:7)
      at runCLI (node_modules/@jest/core/build/cli/index.js:173:3)

  ÔŚĆ useWorkspaceData hook ÔÇ║ applies remote workspace state correctly and triggers provided setters including setVocabulary

    TypeError: undefined is not iterable (cannot read property Symbol(Symbol.iterator))

    [0m [90m 19 |[39m   currentWorkspaceId[33m,[39m
     [90m 20 |[39m }) {
    [31m[1m>[22m[39m[90m 21 |[39m   [36mconst[39m [meetings[33m,[39m setMeetings] [33m=[39m useStoredState([33mSTORAGE_KEYS[39m[
33m.[39mmeetings[33m,[39m [])[33m;[39m
     [90m    |[39m                                   [31m[1m^[22m[39m
     [90m 22 |[39m   [36mconst[39m [manualTasks[33m,[39m setManualTasks] [33m=[39m useStoredState([33mSTORAGE_KEYS[39m[33m.[39mmanu
alTasks[33m,[39m [])[33m;[39m
     [90m 23 |[39m   [36mconst[39m [taskState[33m,[39m setTaskState] [33m=[39m useStoredState([33mSTORAGE_KEYS[39m[33m.[39mtaskStat
e[33m,[39m {})[33m;[39m
     [90m 24 |[39m   [36mconst[39m [taskBoards[33m,[39m setTaskBoards] [33m=[39m useStoredState([33mSTORAGE_KEYS[39m[33m.[39mtaskBo
ards[33m,[39m {})[33m;[39m[0m

      at useWorkspaceData (src/hooks/useWorkspaceData.js:21:35)
      at src/hooks/useWorkspaceData.test.js:51:57
      at TestComponent (node_modules/@testing-library/react/dist/pure.js:330:27)
      at Object.react_stack_bottom_frame (node_modules/react-dom/cjs/react-dom-client.development.js:25904:20)
      at renderWithHooks (node_modules/react-dom/cjs/react-dom-client.development.js:7662:22)
      at updateFunctionComponent (node_modules/react-dom/cjs/react-dom-client.development.js:10166:19)
      at beginWork (node_modules/react-dom/cjs/react-dom-client.development.js:11778:18)
      at runWithFiberInDEV (node_modules/react-dom/cjs/react-dom-client.development.js:874:13)
      at performUnitOfWork (node_modules/react-dom/cjs/react-dom-client.development.js:17641:22)
      at workLoopSync (node_modules/react-dom/cjs/react-dom-client.development.js:17469:41)
      at renderRootSync (node_modules/react-dom/cjs/react-dom-client.development.js:17450:11)
      at performWorkOnRoot (node_modules/react-dom/cjs/react-dom-client.development.js:16583:35)
      at performWorkOnRootViaSchedulerTask (node_modules/react-dom/cjs/react-dom-client.development.js:18957:7)
      at flushActQueue (node_modules/react/cjs/react.development.js:590:34)
      at Object.<anonymous>.process.env.NODE_ENV.exports.act (node_modules/react/cjs/react.development.js:884:10)
      at node_modules/@testing-library/react/dist/act-compat.js:46:25
      at renderRoot (node_modules/@testing-library/react/dist/pure.js:189:26)
      at render (node_modules/@testing-library/react/dist/pure.js:291:10)
      at renderHook (node_modules/@testing-library/react/dist/pure.js:339:7)
      at Object.<anonymous> (src/hooks/useWorkspaceData.test.js:51:34)
      at TestScheduler.scheduleTests (node_modules/@jest/core/build/TestScheduler.js:333:13)
      at runJest (node_modules/@jest/core/build/runJest.js:404:19)
      at _run10000 (node_modules/@jest/core/build/cli/index.js:320:7)
      at runCLI (node_modules/@jest/core/build/cli/index.js:173:3)

Test Suites: 1 failed, 1 total
Tests:       2 failed, 2 total
Snapshots:   0 total
Time:        2.08 s
Ran all test suites matching /src\\hooks\\useWorkspaceData.test.js/i.
