
> audio-recorder@0.1.0 build
> vite build

[36mvite v8.0.1 [32mbuilding client environment for production...[36m[39m
[2Ktransforming...✓ 142 modules transformed.
rendering chunks...
computing gzip size...
build/index.html                             1.33 kB │ gzip:   0.59 kB
build/assets/ProfileTab-BiyJZ6yG.css         5.40 kB │ gzip:   1.66 kB
build/assets/RecordingsTab-8Evzbucx.css      6.34 kB │ gzip:   1.87 kB
build/assets/PeopleTab-DROxicRI.css          8.21 kB │ gzip:   2.30 kB
build/assets/CalendarTab-BUfu4bHj.css        9.20 kB │ gzip:   2.40 kB
build/assets/NotesTab-CSgE4MSe.css           9.45 kB │ gzip:   2.26 kB
build/assets/StudioTab-DkZA8arT.css         18.26 kB │ gzip:   4.21 kB
build/assets/index-Dj8CP1vz.css             53.93 kB │ gzip:  11.42 kB
build/assets/TasksTab-oVOCbA7n.css          56.93 kB │ gzip:   9.25 kB
build/assets/rolldown-runtime-DF2fYuay.js    0.55 kB │ gzip:   0.35 kB
build/assets/prop-types-BYIm3qVd.js          0.81 kB │ gzip:   0.51 kB
build/assets/web-vitals-B4REvZL6.js          4.34 kB │ gzip:   1.70 kB
build/assets/RecordingsTab-DfQhvTsP.js       6.30 kB │ gzip:   1.70 kB
build/assets/analysis-lib-DBIziAtQ.js        6.74 kB │ gzip:   3.19 kB
build/assets/PeopleTab-D4lNUgrl.js          17.70 kB │ gzip:   4.70 kB
build/assets/ProfileTab-B9_yiUCe.js         21.47 kB │ gzip:   5.34 kB
build/assets/CalendarTab-BTXLxsHa.js        23.98 kB │ gzip:   6.17 kB
build/assets/tasks-lib-dYcqf3pe.js          24.75 kB │ gzip:   7.87 kB
build/assets/NotesTab-0gQrYgF0.js           37.02 kB │ gzip:  12.61 kB
build/assets/StudioTab-B_bQOEaY.js          45.09 kB │ gzip:  11.12 kB
build/assets/TasksTab-DydfdxJU.js           61.01 kB │ gzip:  15.62 kB
build/assets/index-DgZMTRdr.js             345.08 kB │ gzip: 104.98 kB

[32m✓ built in 520ms[39m
npm notice
npm notice New minor version of npm available! 11.9.0 -> 11.12.0
npm notice Changelog: https://github.com/npm/cli/releases/tag/v11.12.0
npm notice To update run: npm install -g npm@11.12.0
npm notice
